Building DAG of jobs...
Using shell: /usr/bin/bash
Provided cores: 12
Rules claiming more threads will be scaled down.
Job stats:
job              count
-------------  -------
python_output        1
total                1

Select jobs to execute...

[Tue Oct 24 10:39:32 2023]
rule python_output:
    output: output/python.json
    jobid: 0
    reason: Missing output files: output/python.json
    resources: tmpdir=/tmp

[Tue Oct 24 10:39:32 2023]
Finished job 0.
1 of 1 steps (100%) done
Complete log: .snakemake/log/2023-10-24T103932.508560.snakemake.log
