Building DAG of jobs...
Using shell: /usr/bin/bash
Provided cores: 12
Rules claiming more threads will be scaled down.
Job stats:
job              count
-------------  -------
python_output        1
total                1

Select jobs to execute...

[Tue Oct 24 10:37:27 2023]
rule python_output:
    output: output/python.json
    jobid: 0
    reason: Missing output files: output/python.json
    resources: tmpdir=/tmp

[Tue Oct 24 10:37:28 2023]
Error in rule python_output:
    jobid: 0
    output: output/python.json

RuleException:
CalledProcessError in file /home/niko/github/nsiccha/snakemakeutils/example/snakefile, line 5:
Command 'set -euo pipefail;  /home/niko/.cache/pypoetry/virtualenvs/blog-jhyet7S5-py3.10/bin/python /home/niko/github/nsiccha/snakemakeutils/example/.snakemake/scripts/tmpz62wv6ig.test.py' returned non-zero exit status 1.
  File "/home/niko/github/nsiccha/snakemakeutils/example/snakefile", line 5, in __rule_python_output
  File "/usr/lib/python3.10/concurrent/futures/thread.py", line 58, in run
Shutting down, this might take some time.
Exiting because a job execution failed. Look above for error message
Complete log: .snakemake/log/2023-10-24T103727.782208.snakemake.log
