Building DAG of jobs...
Using shell: /usr/bin/bash
Provided cores: 12
Rules claiming more threads will be scaled down.
Job stats:
job              count
-------------  -------
all                  1
python_output        1
total                2

Select jobs to execute...

[Tue Oct 24 10:37:04 2023]
rule python_output:
    output: output/python.json
    jobid: 1
    reason: Missing output files: output/python.json
    resources: tmpdir=/tmp

[Tue Oct 24 10:37:04 2023]
Error in rule python_output:
    jobid: 1
    output: output/python.json

RuleException:
WorkflowError in file /home/niko/github/nsiccha/snakemakeutils/example/snakemake/common.smk, line 3:
Failed to open source file /home/niko/github/nsiccha/snakemakeutils/example/snakemake/scripts/test.py
FileNotFoundError: [Errno 2] No such file or directory: '/home/niko/github/nsiccha/snakemakeutils/example/snakemake/scripts/test.py'
  File "/home/niko/github/nsiccha/snakemakeutils/example/snakemake/common.smk", line 3, in __rule_python_output
  File "/usr/lib/python3.10/concurrent/futures/thread.py", line 58, in run
Shutting down, this might take some time.
Exiting because a job execution failed. Look above for error message
Complete log: .snakemake/log/2023-10-24T103704.668040.snakemake.log
