Building DAG of jobs...
Using shell: /usr/bin/bash
Provided cores: 12
Rules claiming more threads will be scaled down.
Conda environments: ignored
Job stats:
job              count
-------------  -------
all                  1
lint                 1
python_output        1
total                3

Select jobs to execute...

[Tue Oct 24 11:16:42 2023]
rule lint:
    input: snakefile, snakemake/common.smk
    output: output/lint.log
    log: output/lint.log
    jobid: 1
    reason: Missing output files: output/lint.log
    resources: tmpdir=/tmp


[Tue Oct 24 11:16:42 2023]
rule python_output:
    output: output/python.json
    log: logs
    jobid: 2
    reason: Missing output files: output/python.json
    resources: tmpdir=/tmp

Skipped removing non-empty directory logs
WorkflowError:
Failed to open source file /home/niko/github/nsiccha/snakemakeutils/example/snakemake/env.yaml
FileNotFoundError: [Errno 2] No such file or directory: '/home/niko/github/nsiccha/snakemakeutils/example/snakemake/env.yaml'
Removing output files of failed job lint since they might be corrupted:
output/lint.log
WorkflowError:
Failed to open source file /home/niko/github/nsiccha/snakemakeutils/example/env.yaml
FileNotFoundError: [Errno 2] No such file or directory: '/home/niko/github/nsiccha/snakemakeutils/example/env.yaml'
Removing output files of failed job python_output since they might be corrupted:
output/python.json
Shutting down, this might take some time.
Exiting because a job execution failed. Look above for error message
Complete log: .snakemake/log/2023-10-24T111642.831619.snakemake.log
