Building DAG of jobs...
Using shell: /usr/bin/bash
Provided cores: 12
Rules claiming more threads will be scaled down.
Conda environments: ignored
Job stats:
job              count
-------------  -------
all                  1
lint                 1
python_output        1
total                3

Select jobs to execute...

[Wed Oct 25 09:48:20 2023]
rule lint:
    input: snakefile, snakemake/common.smk
    output: output/lint.log
    log: output/lint.log
    jobid: 1
    reason: Updated input files: snakefile
    resources: tmpdir=/tmp


[Wed Oct 25 09:48:20 2023]
rule python_output:
    output: output/python.json
    log: logs/python.log
    jobid: 2
    reason: Code has changed since last execution
    resources: tmpdir=/tmp

[Wed Oct 25 09:48:20 2023]
Finished job 1.
1 of 3 steps (33%) done
[Wed Oct 25 09:48:20 2023]
Finished job 2.
2 of 3 steps (67%) done
Select jobs to execute...

[Wed Oct 25 09:48:20 2023]
localrule all:
    input: output/lint.log, output/python.json
    jobid: 0
    reason: Input files updated by another job: output/python.json, output/lint.log
    resources: tmpdir=/tmp

[Wed Oct 25 09:48:20 2023]
Finished job 0.
3 of 3 steps (100%) done
Complete log: .snakemake/log/2023-10-25T094820.076443.snakemake.log
