Building DAG of jobs...
Using shell: /usr/bin/bash
Provided cores: 12
Rules claiming more threads will be scaled down.
Job stats:
job              count
-------------  -------
all                  1
julia_output         1
python_output        1
r_output             1
total                4

Select jobs to execute...

[Tue Oct 24 11:03:22 2023]
rule r_output:
    output: output/R.json
    jobid: 4
    reason: Missing output files: output/R.json
    resources: tmpdir=/tmp

[Tue Oct 24 11:03:22 2023]
rule python_output:
    output: output/python.json
    jobid: 2
    reason: Code has changed since last execution
    resources: tmpdir=/tmp

[Tue Oct 24 11:03:22 2023]
rule julia_output:
    output: output/julia.json
    jobid: 3
    reason: Missing output files: output/julia.json
    resources: tmpdir=/tmp

[Tue Oct 24 11:03:23 2023]
Finished job 2.
1 of 4 steps (25%) done
Waiting at most 5 seconds for missing files.
MissingOutputException in rule r_output in file /home/niko/github/nsiccha/snakemakeutils/example/snakefile, line 14:
Job 4  completed successfully, but some output files are missing. Missing files after 5 seconds. This might be due to filesystem latency. If that is the case, consider to increase the wait time with --latency-wait:
output/R.json
Waiting at most 5 seconds for missing files.
MissingOutputException in rule julia_output in file /home/niko/github/nsiccha/snakemakeutils/example/snakefile, line 10:
Job 3  completed successfully, but some output files are missing. Missing files after 5 seconds. This might be due to filesystem latency. If that is the case, consider to increase the wait time with --latency-wait:
output/julia.json
Shutting down, this might take some time.
Exiting because a job execution failed. Look above for error message
Complete log: .snakemake/log/2023-10-24T110322.924959.snakemake.log
