Lints for rule lint (line 2, /home/niko/github/nsiccha/snakemakeutils/example/snakemake/common.smk):
    * Specify a conda environment or container for each rule.:
      This way, the used software for each specific step is documented, and the
      workflow can be executed on any machine without prerequisites.
      Also see:
      https://snakemake.readthedocs.io/en/latest/snakefiles/deployment.html#integrated-package-management
      https://snakemake.readthedocs.io/en/latest/snakefiles/deployment.html#running-jobs-in-containers

Lints for rule python_output (line 15, /home/niko/github/nsiccha/snakemakeutils/example/snakefile):
    * Specify a conda environment or container for each rule.:
      This way, the used software for each specific step is documented, and the
      workflow can be executed on any machine without prerequisites.
      Also see:
      https://snakemake.readthedocs.io/en/latest/snakefiles/deployment.html#integrated-package-management
      https://snakemake.readthedocs.io/en/latest/snakefiles/deployment.html#running-jobs-in-containers

Lints for rule julia_output (line 33, /home/niko/github/nsiccha/snakemakeutils/example/snakefile):
    * Specify a conda environment or container for each rule.:
      This way, the used software for each specific step is documented, and the
      workflow can be executed on any machine without prerequisites.
      Also see:
      https://snakemake.readthedocs.io/en/latest/snakefiles/deployment.html#integrated-package-management
      https://snakemake.readthedocs.io/en/latest/snakefiles/deployment.html#running-jobs-in-containers

Lints for rule r_output (line 51, /home/niko/github/nsiccha/snakemakeutils/example/snakefile):
    * Specify a conda environment or container for each rule.:
      This way, the used software for each specific step is documented, and the
      workflow can be executed on any machine without prerequisites.
      Also see:
      https://snakemake.readthedocs.io/en/latest/snakefiles/deployment.html#integrated-package-management
      https://snakemake.readthedocs.io/en/latest/snakefiles/deployment.html#running-jobs-in-containers

