Building DAG of jobs...
Using shell: /usr/bin/bash
Provided cores: 12
Rules claiming more threads will be scaled down.
Job stats:
job      count
-----  -------
all          1
lint         1
total        2

Select jobs to execute...

[Tue Oct 24 10:49:17 2023]
rule lint:
    output: output/lint.log
    jobid: 1
    reason: Code has changed since last execution
    resources: tmpdir=/tmp

Waiting at most 5 seconds for missing files.
MissingOutputException in rule lint in file /home/niko/github/nsiccha/snakemakeutils/example/snakemake/common.smk, line 1:
Job 1  completed successfully, but some output files are missing. Missing files after 5 seconds. This might be due to filesystem latency. If that is the case, consider to increase the wait time with --latency-wait:
output/lint.log
Shutting down, this might take some time.
Exiting because a job execution failed. Look above for error message
Complete log: .snakemake/log/2023-10-24T104917.724874.snakemake.log
