Building DAG of jobs...
Using shell: /usr/bin/bash
Provided cores: 12
Rules claiming more threads will be scaled down.
Job stats:
job      count
-----  -------
all          1
lint         1
total        2

Select jobs to execute...

[Tue Oct 24 10:48:00 2023]
rule lint:
    output: output/lint.log
    jobid: 1
    reason: Missing output files: output/lint.log
    resources: tmpdir=/tmp

[Tue Oct 24 10:48:00 2023]
Finished job 1.
1 of 2 steps (50%) done
Select jobs to execute...

[Tue Oct 24 10:48:00 2023]
localrule all:
    input: output/lint.log, output/python.json
    jobid: 0
    reason: Input files updated by another job: output/lint.log
    resources: tmpdir=/tmp

[Tue Oct 24 10:48:00 2023]
Finished job 0.
2 of 2 steps (100%) done
Complete log: .snakemake/log/2023-10-24T104800.218044.snakemake.log
