Building DAG of jobs...
Using shell: /usr/bin/bash
Provided cores: 12
Rules claiming more threads will be scaled down.
Job stats:
job      count
-----  -------
all          1
total        1

Select jobs to execute...

[Tue Oct 24 08:57:50 2023]
rule all:
    output: output/test.json
    jobid: 0
    reason: Code has changed since last execution
    resources: tmpdir=/tmp

[Tue Oct 24 08:57:50 2023]
Finished job 0.
1 of 1 steps (100%) done
Complete log: .snakemake/log/2023-10-24T085750.582287.snakemake.log
